<?xml version="1.0" encoding="UTF-8"?>
<!-- Generated by org.testng.reporters.JUnitReportReporter -->
<testsuite hostname="LAPTOP-JOSAGMN5" failures="0" tests="1" name="com.test.testngbasic" time="0.006" errors="0" timestamp="23 Apr 2019 18:11:33 GMT" skipped="0">
  <testcase classname="com.test.testngbasic" name="test" time="0.006"/>
</testsuite> <!-- com.test.testngbasic -->
