<?xml version="1.0" encoding="UTF-8"?>
<!-- Generated by org.testng.reporters.JUnitReportReporter -->
<testsuite hostname="LAPTOP-JOSAGMN5" failures="0" tests="3" name="com.test.dataproviderinother" time="0.020" errors="0" timestamp="27 Apr 2019 07:55:06 GMT" skipped="0">
  <testcase classname="com.test.dataproviderinother" name="testing" time="0.015"/>
  <testcase classname="com.test.dataproviderinother" name="testing" time="0.003"/>
  <testcase classname="com.test.dataproviderinother" name="testing" time="0.002"/>
</testsuite> <!-- com.test.dataproviderinother -->
