<?xml version="1.0" encoding="UTF-8"?>
<!-- Generated by org.testng.reporters.JUnitReportReporter -->
<testsuite hostname="LAPTOP-JOSAGMN5" failures="0" tests="1" name="com.test.paramertization" time="0.019" errors="0" timestamp="27 Apr 2019 07:02:58 GMT" skipped="0">
  <testcase classname="com.test.paramertization" name="sample" time="0.019"/>
</testsuite> <!-- com.test.paramertization -->
