<?xml version="1.0" encoding="UTF-8"?>
<!-- Generated by org.testng.reporters.JUnitReportReporter -->
<testsuite hostname="LAPTOP-JOSAGMN5" failures="0" tests="2" name="com.test.dataproviderConcepts" time="0.015" errors="0" timestamp="20 Jul 2019 08:28:51 GMT" skipped="0">
  <testcase classname="com.test.dataproviderConcepts" name="testmethod" time="0.013"/>
  <testcase classname="com.test.dataproviderConcepts" name="testmethod" time="0.002"/>
</testsuite> <!-- com.test.dataproviderConcepts -->
